2024-10-12T15:24:28.616+07:00  INFO 15744 --- [Backend] [main] c.b.project.ProjectApplication           : Starting ProjectApplication using Java 21.0.3 with PID 15744 (D:\SGU_University\HK7_(2024-2025)\J2EE\Project\Backend\target\classes started by ACER in D:\SGU_University\HK7_(2024-2025)\J2EE\Project)
2024-10-12T15:24:28.619+07:00  INFO 15744 --- [Backend] [main] c.b.project.ProjectApplication           : No active profile set, falling back to 1 default profile: "default"
2024-10-12T15:24:29.114+07:00  INFO 15744 --- [Backend] [main] .s.d.r.c.RepositoryConfigurationDelegate : Bootstrapping Spring Data JPA repositories in DEFAULT mode.
2024-10-12T15:24:29.158+07:00  INFO 15744 --- [Backend] [main] .s.d.r.c.RepositoryConfigurationDelegate : Finished Spring Data repository scanning in 33 ms. Found 0 JPA repository interfaces.
2024-10-12T15:24:29.704+07:00  INFO 15744 --- [Backend] [main] o.s.b.w.embedded.tomcat.TomcatWebServer  : Tomcat initialized with port 8080 (http)
2024-10-12T15:24:29.715+07:00  INFO 15744 --- [Backend] [main] o.apache.catalina.core.StandardService   : Starting service [Tomcat]
2024-10-12T15:24:29.716+07:00  INFO 15744 --- [Backend] [main] o.apache.catalina.core.StandardEngine    : Starting Servlet engine: [Apache Tomcat/10.1.30]
2024-10-12T15:24:29.769+07:00  INFO 15744 --- [Backend] [main] o.a.c.c.C.[Tomcat].[localhost].[/]       : Initializing Spring embedded WebApplicationContext
2024-10-12T15:24:29.770+07:00  INFO 15744 --- [Backend] [main] w.s.c.ServletWebServerApplicationContext : Root WebApplicationContext: initialization completed in 1101 ms
2024-10-12T15:24:29.921+07:00  INFO 15744 --- [Backend] [main] o.hibernate.jpa.internal.util.LogHelper  : HHH000204: Processing PersistenceUnitInfo [name: default]
2024-10-12T15:24:29.970+07:00  INFO 15744 --- [Backend] [main] org.hibernate.Version                    : HHH000412: Hibernate ORM core version 6.5.3.Final
2024-10-12T15:24:30.004+07:00  INFO 15744 --- [Backend] [main] o.h.c.internal.RegionFactoryInitiator    : HHH000026: Second-level cache disabled
2024-10-12T15:24:30.221+07:00  INFO 15744 --- [Backend] [main] o.s.o.j.p.SpringPersistenceUnitInfo      : No LoadTimeWeaver setup: ignoring JPA class transformer
2024-10-12T15:24:30.247+07:00  INFO 15744 --- [Backend] [main] com.zaxxer.hikari.HikariDataSource       : HikariPool-1 - Starting...
2024-10-12T15:24:30.520+07:00  INFO 15744 --- [Backend] [main] com.zaxxer.hikari.pool.HikariPool        : HikariPool-1 - Added connection com.mysql.cj.jdbc.ConnectionImpl@36e409e0
2024-10-12T15:24:30.522+07:00  INFO 15744 --- [Backend] [main] com.zaxxer.hikari.HikariDataSource       : HikariPool-1 - Start completed.
2024-10-12T15:24:30.557+07:00  WARN 15744 --- [Backend] [main] org.hibernate.orm.deprecation            : HHH90000025: MySQL8Dialect does not need to be specified explicitly using 'hibernate.dialect' (remove the property setting and it will be selected by default)
2024-10-12T15:24:30.559+07:00  WARN 15744 --- [Backend] [main] org.hibernate.orm.deprecation            : HHH90000026: MySQL8Dialect has been deprecated; use org.hibernate.dialect.MySQLDialect instead
2024-10-12T15:24:31.274+07:00  INFO 15744 --- [Backend] [main] o.h.e.t.j.p.i.JtaPlatformInitiator       : HHH000489: No JTA platform available (set 'hibernate.transaction.jta.platform' to enable JTA platform integration)
2024-10-12T15:24:31.533+07:00  INFO 15744 --- [Backend] [main] j.LocalContainerEntityManagerFactoryBean : Initialized JPA EntityManagerFactory for persistence unit 'default'
2024-10-12T15:24:31.616+07:00  WARN 15744 --- [Backend] [main] JpaBaseConfiguration$JpaWebConfiguration : spring.jpa.open-in-view is enabled by default. Therefore, database queries may be performed during view rendering. Explicitly configure spring.jpa.open-in-view to disable this warning
2024-10-12T15:24:31.960+07:00  INFO 15744 --- [Backend] [main] o.s.b.w.embedded.tomcat.TomcatWebServer  : Tomcat started on port 8080 (http) with context path '/'
2024-10-12T15:24:31.967+07:00  INFO 15744 --- [Backend] [main] c.b.project.ProjectApplication           : Started ProjectApplication in 3.744 seconds (process running for 4.027)
